  raudio.c
C:\Programming\C++\RaylibGameTemplate\raylib\src\external\qoa.h(325,20): warning C4018: '<': signed/unsigned mismatch
C:\Programming\C++\RaylibGameTemplate\raylib\src\external\qoa.h(338,42): warning C4018: '<': signed/unsigned mismatch
C:\Programming\C++\RaylibGameTemplate\raylib\src\external\qoa.h(340,21): warning C4018: '<': signed/unsigned mismatch
C:\Programming\C++\RaylibGameTemplate\raylib\src\external\qoa.h(425,20): warning C4018: '<': signed/unsigned mismatch
C:\Programming\C++\RaylibGameTemplate\raylib\src\external\qoa.h(448,42): warning C4018: '<': signed/unsigned mismatch
C:\Programming\C++\RaylibGameTemplate\raylib\src\external\qoa.h(523,14): warning C4018: '>': signed/unsigned mismatch
C:\Programming\C++\RaylibGameTemplate\raylib\src\external\qoa.h(651,15): warning C4267: '=': conversion from 'size_t' to 'int', possible loss of data
C:\Programming\C++\RaylibGameTemplate\raylib\src\external\qoaplay.c(93,16): warning C4267: 'initializing': conversion from 'size_t' to 'int', possible loss of data
C:\Programming\C++\RaylibGameTemplate\raylib\src\external\qoaplay.c(184,46): warning C4267: '=': conversion from 'size_t' to 'unsigned int', possible loss of data
C:\Programming\C++\RaylibGameTemplate\raylib\src\external\qoaplay.c(233,27): warning C4018: '<': signed/unsigned mismatch
C:\Programming\C++\RaylibGameTemplate\raylib\src\external\qoaplay.c(235,73): warning C4244: '=': conversion from 'double' to 'float', possible loss of data
C:\Programming\C++\RaylibGameTemplate\raylib\src\external\qoaplay.c(268,15): warning C4018: '>': signed/unsigned mismatch
C:\Programming\C++\RaylibGameTemplate\raylib\src\raudio.c(1290,53): warning C4090: 'function': different 'const' qualifiers
  rcore.c
  rmodels.c
  rglfw.c
  rshapes.c
  rtext.c
  rtextures.c
  utils.c
C:\Programming\C++\RaylibGameTemplate\raylib\src\utils.c(148,29): warning C4267: 'initializing': conversion from 'size_t' to 'unsigned int', possible loss of data
  Generating Code...
  raylib.vcxproj -> C:\Programming\C++\RaylibGameTemplate\build\raylib\bin\x64\Debug\raylib.lib
